<?xml version="1.0" encoding="UTF-8"?>
<coverage generated="1505579782">
  <project timestamp="1505579782">
    <package name="Jollyblume\Bundle\GraphBundle\Arc">
      <file name="/home/else/work/graph-bundle/src/Arc/Arc.php">
        <class name="Arc" namespace="Jollyblume\Bundle\GraphBundle\Arc">
          <metrics complexity="9" methods="7" coveredmethods="7" conditionals="0" coveredconditionals="0" statements="14" coveredstatements="14" elements="21" coveredelements="21"/>
        </class>
        <line num="37" type="method" name="__construct" visibility="public" complexity="1" crap="1" count="16"/>
        <line num="39" type="stmt" count="16"/>
        <line num="40" type="stmt" count="16"/>
        <line num="41" type="stmt" count="16"/>
        <line num="42" type="stmt" count="16"/>
        <line num="47" type="method" name="getSourceNode" visibility="public" complexity="1" crap="1" count="14"/>
        <line num="49" type="stmt" count="14"/>
        <line num="55" type="method" name="getSinkNode" visibility="public" complexity="2" crap="2" count="14"/>
        <line num="57" type="stmt" count="14"/>
        <line num="63" type="method" name="getArcType" visibility="public" complexity="1" crap="1" count="14"/>
        <line num="65" type="stmt" count="14"/>
        <line num="71" type="method" name="getArcName" visibility="public" complexity="2" crap="2" count="13"/>
        <line num="73" type="stmt" count="13"/>
        <line num="74" type="stmt" count="13"/>
        <line num="75" type="stmt" count="13"/>
        <line num="76" type="stmt" count="13"/>
        <line num="77" type="stmt" count="13"/>
        <line num="86" type="method" name="getCollectableTargetKey" visibility="public" complexity="1" crap="1" count="11"/>
        <line num="88" type="stmt" count="11"/>
        <line num="94" type="method" name="__toString" visibility="public" complexity="1" crap="1" count="1"/>
        <line num="96" type="stmt" count="1"/>
        <metrics loc="98" ncloc="64" classes="1" methods="7" coveredmethods="7" conditionals="0" coveredconditionals="0" statements="14" coveredstatements="14" elements="21" coveredelements="21"/>
      </file>
      <file name="/home/else/work/graph-bundle/src/Arc/ArcCollection.php">
        <class name="ArcCollection" namespace="Jollyblume\Bundle\GraphBundle\Arc">
          <metrics complexity="14" methods="10" coveredmethods="10" conditionals="0" coveredconditionals="0" statements="16" coveredstatements="16" elements="26" coveredelements="26"/>
        </class>
        <line num="19" type="method" name="hasArc" visibility="public" complexity="1" crap="1" count="6"/>
        <line num="21" type="stmt" count="6"/>
        <line num="27" type="method" name="getArcs" visibility="public" complexity="1" crap="1" count="3"/>
        <line num="29" type="stmt" count="3"/>
        <line num="36" type="method" name="getArc" visibility="public" complexity="2" crap="2" count="1"/>
        <line num="38" type="stmt" count="1"/>
        <line num="45" type="method" name="setArcs" visibility="public" complexity="1" crap="1" count="1"/>
        <line num="47" type="stmt" count="1"/>
        <line num="48" type="stmt" count="1"/>
        <line num="55" type="method" name="addArc" visibility="public" complexity="1" crap="1" count="6"/>
        <line num="57" type="stmt" count="6"/>
        <line num="58" type="stmt" count="6"/>
        <line num="65" type="method" name="removeArc" visibility="public" complexity="2" crap="2" count="3"/>
        <line num="67" type="stmt" count="3"/>
        <line num="75" type="method" name="offsetExists" visibility="public" complexity="1" crap="1" count="6"/>
        <line num="77" type="stmt" count="6"/>
        <line num="88" type="method" name="offsetGet" visibility="public" complexity="1" crap="1" count="1"/>
        <line num="90" type="stmt" count="1"/>
        <line num="100" type="method" name="offsetSet" visibility="public" complexity="3" crap="3" count="8"/>
        <line num="102" type="stmt" count="8"/>
        <line num="103" type="stmt" count="2"/>
        <line num="106" type="stmt" count="6"/>
        <line num="107" type="stmt" count="6"/>
        <line num="114" type="method" name="offsetUnset" visibility="public" complexity="1" crap="1" count="3"/>
        <line num="116" type="stmt" count="3"/>
        <line num="117" type="stmt" count="3"/>
        <metrics loc="118" ncloc="69" classes="1" methods="10" coveredmethods="10" conditionals="0" coveredconditionals="0" statements="16" coveredstatements="16" elements="26" coveredelements="26"/>
      </file>
    </package>
    <file name="/home/else/work/graph-bundle/src/Arc/ArcCollectionInterface.php">
      <metrics loc="52" ncloc="23" classes="0" methods="0" coveredmethods="0" conditionals="0" coveredconditionals="0" statements="0" coveredstatements="0" elements="0" coveredelements="0"/>
    </file>
    <file name="/home/else/work/graph-bundle/src/Arc/ArcInterface.php">
      <metrics loc="30" ncloc="18" classes="0" methods="0" coveredmethods="0" conditionals="0" coveredconditionals="0" statements="0" coveredstatements="0" elements="0" coveredelements="0"/>
    </file>
    <file name="/home/else/work/graph-bundle/src/Cache/ArcCacheInterface.php">
      <metrics loc="26" ncloc="15" classes="0" methods="0" coveredmethods="0" conditionals="0" coveredconditionals="0" statements="0" coveredstatements="0" elements="0" coveredelements="0"/>
    </file>
    <file name="/home/else/work/graph-bundle/src/Cache/SinkCacheInterface.php">
      <metrics loc="9" ncloc="9" classes="0" methods="0" coveredmethods="0" conditionals="0" coveredconditionals="0" statements="0" coveredstatements="0" elements="0" coveredelements="0"/>
    </file>
    <file name="/home/else/work/graph-bundle/src/Cache/SourceCacheInterface.php">
      <metrics loc="9" ncloc="9" classes="0" methods="0" coveredmethods="0" conditionals="0" coveredconditionals="0" statements="0" coveredstatements="0" elements="0" coveredelements="0"/>
    </file>
    <file name="/home/else/work/graph-bundle/src/Collection/CollectableTargetInterface.php">
      <metrics loc="21" ncloc="10" classes="0" methods="0" coveredmethods="0" conditionals="0" coveredconditionals="0" statements="0" coveredstatements="0" elements="0" coveredelements="0"/>
    </file>
    <file name="/home/else/work/graph-bundle/src/Collection/TargetCollectionInterface.php">
      <metrics loc="48" ncloc="20" classes="0" methods="0" coveredmethods="0" conditionals="0" coveredconditionals="0" statements="0" coveredstatements="0" elements="0" coveredelements="0"/>
    </file>
    <package name="Jollyblume\Bundle\GraphBundle\Collection">
      <file name="/home/else/work/graph-bundle/src/Collection/TargetCollectionTrait.php">
        <class name="TargetCollectionTrait" namespace="Jollyblume\Bundle\GraphBundle\Collection">
          <metrics complexity="21" methods="12" coveredmethods="12" conditionals="0" coveredconditionals="0" statements="32" coveredstatements="32" elements="44" coveredelements="44"/>
        </class>
        <line num="19" type="method" name="hasCollectableTarget" visibility="public" complexity="2" crap="2" count="12"/>
        <line num="21" type="stmt" count="12"/>
        <line num="23" type="stmt" count="12"/>
        <line num="24" type="stmt" count="12"/>
        <line num="30" type="method" name="getCollectableTargets" visibility="public" complexity="2" crap="2" count="23"/>
        <line num="32" type="stmt" count="23"/>
        <line num="33" type="stmt" count="23"/>
        <line num="34" type="stmt" count="23"/>
        <line num="35" type="stmt" count="23"/>
        <line num="37" type="stmt" count="23"/>
        <line num="44" type="method" name="getCollectableTarget" visibility="public" complexity="2" crap="2" count="2"/>
        <line num="46" type="stmt" count="2"/>
        <line num="53" type="method" name="setCollectableTargets" visibility="public" complexity="2" crap="2" count="9"/>
        <line num="55" type="stmt" count="9"/>
        <line num="56" type="stmt" count="9"/>
        <line num="59" type="stmt" count="9"/>
        <line num="66" type="method" name="addCollectableTarget" visibility="public" complexity="1" crap="1" count="18"/>
        <line num="68" type="stmt" count="18"/>
        <line num="69" type="stmt" count="18"/>
        <line num="70" type="stmt" count="18"/>
        <line num="71" type="stmt" count="18"/>
        <line num="78" type="method" name="removeCollectableTarget" visibility="public" complexity="4" crap="4" count="4"/>
        <line num="80" type="stmt" count="4"/>
        <line num="81" type="stmt" count="4"/>
        <line num="82" type="stmt" count="4"/>
        <line num="83" type="stmt" count="1"/>
        <line num="85" type="stmt" count="4"/>
        <line num="86" type="stmt" count="4"/>
        <line num="94" type="method" name="count" visibility="public" complexity="1" crap="1" count="2"/>
        <line num="96" type="stmt" count="2"/>
        <line num="105" type="method" name="offsetExists" visibility="public" complexity="1" crap="1" count="6"/>
        <line num="107" type="stmt" count="6"/>
        <line num="118" type="method" name="offsetGet" visibility="public" complexity="1" crap="1" count="1"/>
        <line num="120" type="stmt" count="1"/>
        <line num="130" type="method" name="offsetSet" visibility="public" complexity="3" crap="3" count="9"/>
        <line num="132" type="stmt" count="9"/>
        <line num="133" type="stmt" count="1"/>
        <line num="136" type="stmt" count="8"/>
        <line num="137" type="stmt" count="8"/>
        <line num="144" type="method" name="offsetUnset" visibility="public" complexity="1" crap="1" count="1"/>
        <line num="146" type="stmt" count="1"/>
        <line num="147" type="stmt" count="1"/>
        <line num="154" type="method" name="getIterator" visibility="public" complexity="1" crap="1" count="1"/>
        <line num="156" type="stmt" count="1"/>
        <metrics loc="158" ncloc="96" classes="1" methods="12" coveredmethods="12" conditionals="0" coveredconditionals="0" statements="32" coveredstatements="32" elements="44" coveredelements="44"/>
      </file>
      <file name="/home/else/work/graph-bundle/src/Path/defunct/PathCollection.php">
        <class name="PathCollection" namespace="Jollyblume\Bundle\GraphBundle\Collection">
          <metrics complexity="17" methods="12" coveredmethods="0" conditionals="0" coveredconditionals="0" statements="50" coveredstatements="0" elements="62" coveredelements="0"/>
        </class>
        <line num="17" type="method" name="hasPathName" visibility="public" complexity="1" crap="2" count="0"/>
        <line num="18" type="stmt" count="0"/>
        <line num="20" type="stmt" count="0"/>
        <line num="21" type="stmt" count="0"/>
        <line num="26" type="method" name="getPaths" visibility="public" complexity="1" crap="2" count="0"/>
        <line num="27" type="stmt" count="0"/>
        <line num="28" type="stmt" count="0"/>
        <line num="29" type="stmt" count="0"/>
        <line num="35" type="method" name="getPath" visibility="public" complexity="2" crap="6" count="0"/>
        <line num="36" type="stmt" count="0"/>
        <line num="37" type="stmt" count="0"/>
        <line num="38" type="stmt" count="0"/>
        <line num="43" type="method" name="setPaths" visibility="public" complexity="2" crap="6" count="0"/>
        <line num="44" type="stmt" count="0"/>
        <line num="45" type="stmt" count="0"/>
        <line num="46" type="stmt" count="0"/>
        <line num="47" type="stmt" count="0"/>
        <line num="49" type="stmt" count="0"/>
        <line num="50" type="stmt" count="0"/>
        <line num="56" type="method" name="addPath" visibility="public" complexity="1" crap="2" count="0"/>
        <line num="57" type="stmt" count="0"/>
        <line num="58" type="stmt" count="0"/>
        <line num="60" type="stmt" count="0"/>
        <line num="61" type="stmt" count="0"/>
        <line num="67" type="method" name="removePath" visibility="public" complexity="3" crap="12" count="0"/>
        <line num="68" type="stmt" count="0"/>
        <line num="69" type="stmt" count="0"/>
        <line num="70" type="stmt" count="0"/>
        <line num="71" type="stmt" count="0"/>
        <line num="72" type="stmt" count="0"/>
        <line num="73" type="stmt" count="0"/>
        <line num="74" type="stmt" count="0"/>
        <line num="75" type="stmt" count="0"/>
        <line num="77" type="stmt" count="0"/>
        <line num="78" type="stmt" count="0"/>
        <line num="85" type="method" name="count" visibility="public" complexity="1" crap="2" count="0"/>
        <line num="86" type="stmt" count="0"/>
        <line num="87" type="stmt" count="0"/>
        <line num="88" type="stmt" count="0"/>
        <line num="96" type="method" name="offsetExists" visibility="public" complexity="1" crap="2" count="0"/>
        <line num="97" type="stmt" count="0"/>
        <line num="98" type="stmt" count="0"/>
        <line num="99" type="stmt" count="0"/>
        <line num="107" type="method" name="offsetGet" visibility="public" complexity="1" crap="2" count="0"/>
        <line num="108" type="stmt" count="0"/>
        <line num="109" type="stmt" count="0"/>
        <line num="110" type="stmt" count="0"/>
        <line num="120" type="method" name="offsetSet" visibility="public" complexity="2" crap="6" count="0"/>
        <line num="121" type="stmt" count="0"/>
        <line num="122" type="stmt" count="0"/>
        <line num="123" type="stmt" count="0"/>
        <line num="124" type="stmt" count="0"/>
        <line num="126" type="stmt" count="0"/>
        <line num="127" type="stmt" count="0"/>
        <line num="135" type="method" name="offsetUnset" visibility="public" complexity="1" crap="2" count="0"/>
        <line num="136" type="stmt" count="0"/>
        <line num="137" type="stmt" count="0"/>
        <line num="140" type="stmt" count="0"/>
        <line num="147" type="method" name="getIterator" visibility="public" complexity="1" crap="2" count="0"/>
        <line num="148" type="stmt" count="0"/>
        <line num="149" type="stmt" count="0"/>
        <line num="150" type="stmt" count="0"/>
        <metrics loc="151" ncloc="91" classes="1" methods="12" coveredmethods="0" conditionals="0" coveredconditionals="0" statements="50" coveredstatements="0" elements="62" coveredelements="0"/>
      </file>
      <file name="/home/else/work/graph-bundle/src/Path/defunct/PathSegmentCollection.php">
        <class name="PathSegmentCollection" namespace="Jollyblume\Bundle\GraphBundle\Collection">
          <metrics complexity="17" methods="12" coveredmethods="0" conditionals="0" coveredconditionals="0" statements="50" coveredstatements="0" elements="62" coveredelements="0"/>
        </class>
        <line num="17" type="method" name="hasPathSegmentIndex" visibility="public" complexity="1" crap="2" count="0"/>
        <line num="18" type="stmt" count="0"/>
        <line num="20" type="stmt" count="0"/>
        <line num="21" type="stmt" count="0"/>
        <line num="26" type="method" name="getPathSegments" visibility="public" complexity="1" crap="2" count="0"/>
        <line num="27" type="stmt" count="0"/>
        <line num="28" type="stmt" count="0"/>
        <line num="29" type="stmt" count="0"/>
        <line num="35" type="method" name="getPathSegment" visibility="public" complexity="2" crap="6" count="0"/>
        <line num="36" type="stmt" count="0"/>
        <line num="37" type="stmt" count="0"/>
        <line num="38" type="stmt" count="0"/>
        <line num="43" type="method" name="setPathSegments" visibility="public" complexity="2" crap="6" count="0"/>
        <line num="44" type="stmt" count="0"/>
        <line num="45" type="stmt" count="0"/>
        <line num="46" type="stmt" count="0"/>
        <line num="47" type="stmt" count="0"/>
        <line num="49" type="stmt" count="0"/>
        <line num="50" type="stmt" count="0"/>
        <line num="56" type="method" name="addPathSegment" visibility="public" complexity="1" crap="2" count="0"/>
        <line num="57" type="stmt" count="0"/>
        <line num="58" type="stmt" count="0"/>
        <line num="60" type="stmt" count="0"/>
        <line num="61" type="stmt" count="0"/>
        <line num="67" type="method" name="removePathSegment" visibility="public" complexity="3" crap="12" count="0"/>
        <line num="68" type="stmt" count="0"/>
        <line num="69" type="stmt" count="0"/>
        <line num="70" type="stmt" count="0"/>
        <line num="71" type="stmt" count="0"/>
        <line num="72" type="stmt" count="0"/>
        <line num="73" type="stmt" count="0"/>
        <line num="74" type="stmt" count="0"/>
        <line num="75" type="stmt" count="0"/>
        <line num="77" type="stmt" count="0"/>
        <line num="78" type="stmt" count="0"/>
        <line num="85" type="method" name="count" visibility="public" complexity="1" crap="2" count="0"/>
        <line num="86" type="stmt" count="0"/>
        <line num="87" type="stmt" count="0"/>
        <line num="88" type="stmt" count="0"/>
        <line num="96" type="method" name="offsetExists" visibility="public" complexity="1" crap="2" count="0"/>
        <line num="97" type="stmt" count="0"/>
        <line num="98" type="stmt" count="0"/>
        <line num="99" type="stmt" count="0"/>
        <line num="107" type="method" name="offsetGet" visibility="public" complexity="1" crap="2" count="0"/>
        <line num="108" type="stmt" count="0"/>
        <line num="109" type="stmt" count="0"/>
        <line num="110" type="stmt" count="0"/>
        <line num="120" type="method" name="offsetSet" visibility="public" complexity="2" crap="6" count="0"/>
        <line num="121" type="stmt" count="0"/>
        <line num="122" type="stmt" count="0"/>
        <line num="123" type="stmt" count="0"/>
        <line num="124" type="stmt" count="0"/>
        <line num="126" type="stmt" count="0"/>
        <line num="127" type="stmt" count="0"/>
        <line num="135" type="method" name="offsetUnset" visibility="public" complexity="1" crap="2" count="0"/>
        <line num="136" type="stmt" count="0"/>
        <line num="137" type="stmt" count="0"/>
        <line num="140" type="stmt" count="0"/>
        <line num="147" type="method" name="getIterator" visibility="public" complexity="1" crap="2" count="0"/>
        <line num="148" type="stmt" count="0"/>
        <line num="149" type="stmt" count="0"/>
        <line num="150" type="stmt" count="0"/>
        <metrics loc="151" ncloc="91" classes="1" methods="12" coveredmethods="0" conditionals="0" coveredconditionals="0" statements="50" coveredstatements="0" elements="62" coveredelements="0"/>
      </file>
    </package>
    <package name="Jollyblume\Bundle\GraphBundle\Exception">
      <file name="/home/else/work/graph-bundle/src/Exception/ArcException.php">
        <class name="ArcException" namespace="Jollyblume\Bundle\GraphBundle\Exception">
          <metrics complexity="0" methods="0" coveredmethods="0" conditionals="0" coveredconditionals="0" statements="0" coveredstatements="0" elements="0" coveredelements="0"/>
        </class>
        <metrics loc="14" ncloc="9" classes="0" methods="0" coveredmethods="0" conditionals="0" coveredconditionals="0" statements="0" coveredstatements="0" elements="0" coveredelements="0"/>
      </file>
      <file name="/home/else/work/graph-bundle/src/Exception/GraphException.php">
        <class name="GraphException" namespace="Jollyblume\Bundle\GraphBundle\Exception">
          <metrics complexity="0" methods="0" coveredmethods="0" conditionals="0" coveredconditionals="0" statements="0" coveredstatements="0" elements="0" coveredelements="0"/>
        </class>
        <metrics loc="12" ncloc="7" classes="0" methods="0" coveredmethods="0" conditionals="0" coveredconditionals="0" statements="0" coveredstatements="0" elements="0" coveredelements="0"/>
      </file>
      <file name="/home/else/work/graph-bundle/src/Exception/NodeException.php">
        <class name="NodeException" namespace="Jollyblume\Bundle\GraphBundle\Exception">
          <metrics complexity="0" methods="0" coveredmethods="0" conditionals="0" coveredconditionals="0" statements="0" coveredstatements="0" elements="0" coveredelements="0"/>
        </class>
        <metrics loc="14" ncloc="9" classes="0" methods="0" coveredmethods="0" conditionals="0" coveredconditionals="0" statements="0" coveredstatements="0" elements="0" coveredelements="0"/>
      </file>
      <file name="/home/else/work/graph-bundle/src/Exception/PathException.php">
        <class name="PathException" namespace="Jollyblume\Bundle\GraphBundle\Exception">
          <metrics complexity="0" methods="0" coveredmethods="0" conditionals="0" coveredconditionals="0" statements="0" coveredstatements="0" elements="0" coveredelements="0"/>
        </class>
        <metrics loc="14" ncloc="9" classes="0" methods="0" coveredmethods="0" conditionals="0" coveredconditionals="0" statements="0" coveredstatements="0" elements="0" coveredelements="0"/>
      </file>
      <file name="/home/else/work/graph-bundle/src/Exception/ReadOnlyException.php">
        <class name="ReadOnlyException" namespace="Jollyblume\Bundle\GraphBundle\Exception">
          <metrics complexity="0" methods="0" coveredmethods="0" conditionals="0" coveredconditionals="0" statements="0" coveredstatements="0" elements="0" coveredelements="0"/>
        </class>
        <metrics loc="14" ncloc="9" classes="0" methods="0" coveredmethods="0" conditionals="0" coveredconditionals="0" statements="0" coveredstatements="0" elements="0" coveredelements="0"/>
      </file>
      <file name="/home/else/work/graph-bundle/src/Exception/ValidityChainException.php">
        <class name="ValidityChainException" namespace="Jollyblume\Bundle\GraphBundle\Exception">
          <metrics complexity="0" methods="0" coveredmethods="0" conditionals="0" coveredconditionals="0" statements="0" coveredstatements="0" elements="0" coveredelements="0"/>
        </class>
        <metrics loc="14" ncloc="9" classes="0" methods="0" coveredmethods="0" conditionals="0" coveredconditionals="0" statements="0" coveredstatements="0" elements="0" coveredelements="0"/>
      </file>
    </package>
    <file name="/home/else/work/graph-bundle/src/Metadata/ArcTypeMetadataInterface.php">
      <metrics loc="17" ncloc="10" classes="0" methods="0" coveredmethods="0" conditionals="0" coveredconditionals="0" statements="0" coveredstatements="0" elements="0" coveredelements="0"/>
    </file>
    <package name="Jollyblume\Bundle\GraphBundle\Metadata">
      <file name="/home/else/work/graph-bundle/src/Metadata/ArcTypeMetadataTrait.php">
        <class name="ArcTypeMetadataTrait" namespace="Jollyblume\Bundle\GraphBundle\Metadata">
          <metrics complexity="4" methods="3" coveredmethods="0" conditionals="0" coveredconditionals="0" statements="13" coveredstatements="0" elements="16" coveredelements="0"/>
        </class>
        <line num="20" type="method" name="getImplementedArcTypes" visibility="public" complexity="2" crap="6" count="0"/>
        <line num="21" type="stmt" count="0"/>
        <line num="22" type="stmt" count="0"/>
        <line num="23" type="stmt" count="0"/>
        <line num="24" type="stmt" count="0"/>
        <line num="25" type="stmt" count="0"/>
        <line num="26" type="stmt" count="0"/>
        <line num="27" type="method" name="anonymousFunction:27#116" complexity="1" crap="2" count="0"/>
        <line num="28" type="stmt" count="0"/>
        <line num="29" type="stmt" count="0"/>
        <line num="30" type="stmt" count="0"/>
        <line num="31" type="stmt" count="0"/>
        <line num="32" type="stmt" count="0"/>
        <line num="34" type="stmt" count="0"/>
        <line num="35" type="stmt" count="0"/>
        <line num="37" type="stmt" count="0"/>
        <line num="38" type="stmt" count="0"/>
        <line num="44" type="method" name="hasArcTypes" visibility="public" complexity="1" crap="2" count="0"/>
        <line num="45" type="stmt" count="0"/>
        <line num="46" type="stmt" count="0"/>
        <line num="47" type="stmt" count="0"/>
        <line num="48" type="stmt" count="0"/>
        <metrics loc="49" ncloc="39" classes="1" methods="3" coveredmethods="0" conditionals="0" coveredconditionals="0" statements="19" coveredstatements="0" elements="22" coveredelements="0"/>
      </file>
    </package>
    <file name="/home/else/work/graph-bundle/src/Node/EntryNodeInterface.php">
      <metrics loc="10" ncloc="10" classes="0" methods="0" coveredmethods="0" conditionals="0" coveredconditionals="0" statements="0" coveredstatements="0" elements="0" coveredelements="0"/>
    </file>
    <file name="/home/else/work/graph-bundle/src/Node/NodeInterface.php">
      <metrics loc="13" ncloc="13" classes="0" methods="0" coveredmethods="0" conditionals="0" coveredconditionals="0" statements="0" coveredstatements="0" elements="0" coveredelements="0"/>
    </file>
    <file name="/home/else/work/graph-bundle/src/Node/ReferencableInterface.php">
      <metrics loc="11" ncloc="8" classes="0" methods="0" coveredmethods="0" conditionals="0" coveredconditionals="0" statements="0" coveredstatements="0" elements="0" coveredelements="0"/>
    </file>
    <package name="Jollyblume\Bundle\GraphBundle\Node">
      <file name="/home/else/work/graph-bundle/src/Node/ReferencableTrait.php">
        <class name="ReferencableTrait" namespace="Jollyblume\Bundle\GraphBundle\Node">
          <metrics complexity="2" methods="1" coveredmethods="0" conditionals="0" coveredconditionals="0" statements="4" coveredstatements="0" elements="5" coveredelements="0"/>
        </class>
        <line num="15" type="method" name="getUuid" visibility="public" complexity="2" crap="6" count="0"/>
        <line num="16" type="stmt" count="0"/>
        <line num="17" type="stmt" count="0"/>
        <line num="18" type="stmt" count="0"/>
        <line num="19" type="stmt" count="0"/>
        <metrics loc="20" ncloc="14" classes="1" methods="1" coveredmethods="0" conditionals="0" coveredconditionals="0" statements="4" coveredstatements="0" elements="5" coveredelements="0"/>
      </file>
    </package>
    <file name="/home/else/work/graph-bundle/src/Node/SinkNodeInterface.php">
      <metrics loc="9" ncloc="9" classes="0" methods="0" coveredmethods="0" conditionals="0" coveredconditionals="0" statements="0" coveredstatements="0" elements="0" coveredelements="0"/>
    </file>
    <file name="/home/else/work/graph-bundle/src/Node/SourceNodeInterface.php">
      <metrics loc="9" ncloc="9" classes="0" methods="0" coveredmethods="0" conditionals="0" coveredconditionals="0" statements="0" coveredstatements="0" elements="0" coveredelements="0"/>
    </file>
    <file name="/home/else/work/graph-bundle/src/Path/Path.php">
      <metrics loc="0" ncloc="0" classes="0" methods="0" coveredmethods="0" conditionals="0" coveredconditionals="0" statements="0" coveredstatements="0" elements="0" coveredelements="0"/>
    </file>
    <file name="/home/else/work/graph-bundle/src/Path/PathCollection.php">
      <metrics loc="0" ncloc="0" classes="0" methods="0" coveredmethods="0" conditionals="0" coveredconditionals="0" statements="0" coveredstatements="0" elements="0" coveredelements="0"/>
    </file>
    <file name="/home/else/work/graph-bundle/src/Path/PathCollectionInterface.php">
      <metrics loc="0" ncloc="0" classes="0" methods="0" coveredmethods="0" conditionals="0" coveredconditionals="0" statements="0" coveredstatements="0" elements="0" coveredelements="0"/>
    </file>
    <file name="/home/else/work/graph-bundle/src/Path/PathInterface.php">
      <metrics loc="14" ncloc="11" classes="0" methods="0" coveredmethods="0" conditionals="0" coveredconditionals="0" statements="0" coveredstatements="0" elements="0" coveredelements="0"/>
    </file>
    <file name="/home/else/work/graph-bundle/src/Path/PathSegment.php">
      <metrics loc="0" ncloc="0" classes="0" methods="0" coveredmethods="0" conditionals="0" coveredconditionals="0" statements="0" coveredstatements="0" elements="0" coveredelements="0"/>
    </file>
    <file name="/home/else/work/graph-bundle/src/Path/PathSegmentCollection.php">
      <metrics loc="0" ncloc="0" classes="0" methods="0" coveredmethods="0" conditionals="0" coveredconditionals="0" statements="0" coveredstatements="0" elements="0" coveredelements="0"/>
    </file>
    <file name="/home/else/work/graph-bundle/src/Path/PathSegmentCollectionInterface.php">
      <metrics loc="0" ncloc="0" classes="0" methods="0" coveredmethods="0" conditionals="0" coveredconditionals="0" statements="0" coveredstatements="0" elements="0" coveredelements="0"/>
    </file>
    <file name="/home/else/work/graph-bundle/src/Path/PathSegmentInterface.php">
      <metrics loc="31" ncloc="19" classes="0" methods="0" coveredmethods="0" conditionals="0" coveredconditionals="0" statements="0" coveredstatements="0" elements="0" coveredelements="0"/>
    </file>
    <package name="Jollyblume\Bundle\GraphBundle\Path">
      <file name="/home/else/work/graph-bundle/src/Path/defunct/Path.php">
        <class name="Path" namespace="Jollyblume\Bundle\GraphBundle\Path">
          <metrics complexity="9" methods="0" coveredmethods="0" conditionals="0" coveredconditionals="0" statements="0" coveredstatements="0" elements="0" coveredelements="0"/>
        </class>
        <metrics loc="62" ncloc="28" classes="0" methods="0" coveredmethods="0" conditionals="0" coveredconditionals="0" statements="0" coveredstatements="0" elements="0" coveredelements="0"/>
      </file>
      <file name="/home/else/work/graph-bundle/src/Path/defunct/PathSegment.php">
        <class name="PathSegment" namespace="Jollyblume\Bundle\GraphBundle\Path">
          <metrics complexity="21" methods="14" coveredmethods="0" conditionals="0" coveredconditionals="0" statements="76" coveredstatements="0" elements="90" coveredelements="0"/>
        </class>
        <line num="40" type="method" name="__construct" visibility="public" complexity="1" crap="2" count="0"/>
        <line num="41" type="stmt" count="0"/>
        <line num="42" type="stmt" count="0"/>
        <line num="43" type="stmt" count="0"/>
        <line num="44" type="stmt" count="0"/>
        <line num="46" type="stmt" count="0"/>
        <line num="47" type="stmt" count="0"/>
        <line num="52" type="method" name="getParentPath" visibility="public" complexity="1" crap="2" count="0"/>
        <line num="53" type="stmt" count="0"/>
        <line num="54" type="stmt" count="0"/>
        <line num="55" type="stmt" count="0"/>
        <line num="56" type="stmt" count="0"/>
        <line num="61" type="method" name="getSegmentIndex" visibility="public" complexity="1" crap="2" count="0"/>
        <line num="62" type="stmt" count="0"/>
        <line num="63" type="stmt" count="0"/>
        <line num="64" type="stmt" count="0"/>
        <line num="65" type="stmt" count="0"/>
        <line num="70" type="method" name="getSegmentFilter" visibility="public" complexity="1" crap="2" count="0"/>
        <line num="71" type="stmt" count="0"/>
        <line num="72" type="stmt" count="0"/>
        <line num="73" type="stmt" count="0"/>
        <line num="74" type="stmt" count="0"/>
        <line num="79" type="method" name="getSegmentPaths" visibility="public" complexity="1" crap="2" count="0"/>
        <line num="80" type="stmt" count="0"/>
        <line num="81" type="stmt" count="0"/>
        <line num="82" type="stmt" count="0"/>
        <line num="83" type="stmt" count="0"/>
        <line num="88" type="method" name="getSegmentSourceNode" visibility="public" complexity="2" crap="6" count="0"/>
        <line num="89" type="stmt" count="0"/>
        <line num="90" type="stmt" count="0"/>
        <line num="91" type="stmt" count="0"/>
        <line num="92" type="stmt" count="0"/>
        <line num="93" type="stmt" count="0"/>
        <line num="95" type="stmt" count="0"/>
        <line num="96" type="stmt" count="0"/>
        <line num="101" type="method" name="getSegmentSinkNode" visibility="public" complexity="4" crap="20" count="0"/>
        <line num="102" type="stmt" count="0"/>
        <line num="103" type="stmt" count="0"/>
        <line num="105" type="stmt" count="0"/>
        <line num="106" type="stmt" count="0"/>
        <line num="107" type="stmt" count="0"/>
        <line num="108" type="stmt" count="0"/>
        <line num="109" type="stmt" count="0"/>
        <line num="113" type="stmt" count="0"/>
        <line num="114" type="stmt" count="0"/>
        <line num="115" type="stmt" count="0"/>
        <line num="120" type="method" name="isValid" visibility="public" complexity="4" crap="20" count="0"/>
        <line num="121" type="stmt" count="0"/>
        <line num="122" type="stmt" count="0"/>
        <line num="123" type="stmt" count="0"/>
        <line num="124" type="stmt" count="0"/>
        <line num="125" type="stmt" count="0"/>
        <line num="127" type="stmt" count="0"/>
        <line num="128" type="stmt" count="0"/>
        <line num="129" type="stmt" count="0"/>
        <line num="130" type="stmt" count="0"/>
        <line num="131" type="stmt" count="0"/>
        <line num="132" type="stmt" count="0"/>
        <line num="134" type="stmt" count="0"/>
        <line num="135" type="stmt" count="0"/>
        <line num="144" type="method" name="count" visibility="public" complexity="1" crap="2" count="0"/>
        <line num="145" type="stmt" count="0"/>
        <line num="146" type="stmt" count="0"/>
        <line num="147" type="stmt" count="0"/>
        <line num="148" type="stmt" count="0"/>
        <line num="158" type="method" name="offsetExists" visibility="public" complexity="1" crap="2" count="0"/>
        <line num="159" type="stmt" count="0"/>
        <line num="160" type="stmt" count="0"/>
        <line num="161" type="stmt" count="0"/>
        <line num="162" type="stmt" count="0"/>
        <line num="168" type="method" name="offsetGet" visibility="public" complexity="1" crap="2" count="0"/>
        <line num="169" type="stmt" count="0"/>
        <line num="170" type="stmt" count="0"/>
        <line num="171" type="stmt" count="0"/>
        <line num="172" type="stmt" count="0"/>
        <line num="179" type="method" name="offsetSet" visibility="public" complexity="1" crap="2" count="0"/>
        <line num="180" type="stmt" count="0"/>
        <line num="181" type="stmt" count="0"/>
        <line num="182" type="stmt" count="0"/>
        <line num="183" type="stmt" count="0"/>
        <line num="189" type="method" name="offsetUnset" visibility="public" complexity="1" crap="2" count="0"/>
        <line num="190" type="stmt" count="0"/>
        <line num="191" type="stmt" count="0"/>
        <line num="192" type="stmt" count="0"/>
        <line num="193" type="stmt" count="0"/>
        <line num="202" type="method" name="getIterator" visibility="public" complexity="1" crap="2" count="0"/>
        <line num="203" type="stmt" count="0"/>
        <line num="204" type="stmt" count="0"/>
        <line num="205" type="stmt" count="0"/>
        <line num="206" type="stmt" count="0"/>
        <metrics loc="207" ncloc="128" classes="1" methods="14" coveredmethods="0" conditionals="0" coveredconditionals="0" statements="76" coveredstatements="0" elements="90" coveredelements="0"/>
      </file>
    </package>
    <file name="/home/else/work/graph-bundle/src/Path/defunct/PathInterface.php">
      <metrics loc="57" ncloc="26" classes="0" methods="0" coveredmethods="0" conditionals="0" coveredconditionals="0" statements="0" coveredstatements="0" elements="0" coveredelements="0"/>
    </file>
    <file name="/home/else/work/graph-bundle/src/Path/defunct/PathSegmentInterface.php">
      <metrics loc="43" ncloc="25" classes="0" methods="0" coveredmethods="0" conditionals="0" coveredconditionals="0" statements="0" coveredstatements="0" elements="0" coveredelements="0"/>
    </file>
    <package name="Jollyblume\Bundle\GraphBundle\Traits">
      <file name="/home/else/work/graph-bundle/src/Traits/GetClassnameTrait.php">
        <class name="GetClassnameTrait" namespace="Jollyblume\Bundle\GraphBundle\Traits">
          <metrics complexity="2" methods="1" coveredmethods="1" conditionals="0" coveredconditionals="0" statements="2" coveredstatements="2" elements="3" coveredelements="3"/>
        </class>
        <line num="21" type="method" name="getClassname" visibility="public" complexity="2" crap="2" count="2"/>
        <line num="23" type="stmt" count="2"/>
        <line num="24" type="stmt" count="2"/>
        <metrics loc="26" ncloc="12" classes="1" methods="1" coveredmethods="1" conditionals="0" coveredconditionals="0" statements="2" coveredstatements="2" elements="3" coveredelements="3"/>
      </file>
      <file name="/home/else/work/graph-bundle/src/Traits/RegExFilterTrait.php">
        <class name="RegExFilterTrait" namespace="Jollyblume\Bundle\GraphBundle\Traits">
          <metrics complexity="2" methods="2" coveredmethods="0" conditionals="0" coveredconditionals="0" statements="4" coveredstatements="0" elements="6" coveredelements="0"/>
        </class>
        <line num="7" type="method" name="isRegExFilterValid" visibility="protected" complexity="1" crap="2" count="0"/>
        <line num="8" type="stmt" count="0"/>
        <line num="9" type="stmt" count="0"/>
        <line num="11" type="method" name="testStringAgainstRegEx" visibility="protected" complexity="1" crap="2" count="0"/>
        <line num="12" type="stmt" count="0"/>
        <line num="13" type="stmt" count="0"/>
        <metrics loc="14" ncloc="14" classes="1" methods="2" coveredmethods="0" conditionals="0" coveredconditionals="0" statements="4" coveredstatements="0" elements="6" coveredelements="0"/>
      </file>
      <file name="/home/else/work/graph-bundle/src/Traits/TokenChoicesFilterTrait.php">
        <class name="TokenChoicesFilterTrait" namespace="Jollyblume\Bundle\GraphBundle\Traits">
          <metrics complexity="12" methods="4" coveredmethods="4" conditionals="0" coveredconditionals="0" statements="21" coveredstatements="21" elements="25" coveredelements="25"/>
        </class>
        <line num="29" type="method" name="resolveTokenChoices" visibility="protected" complexity="8" crap="8" count="15"/>
        <line num="31" type="stmt" count="15"/>
        <line num="33" type="stmt" count="1"/>
        <line num="36" type="stmt" count="14"/>
        <line num="37" type="stmt" count="14"/>
        <line num="39" type="stmt" count="1"/>
        <line num="42" type="stmt" count="13"/>
        <line num="44" type="stmt" count="1"/>
        <line num="47" type="stmt" count="12"/>
        <line num="48" type="stmt" count="12"/>
        <line num="49" type="stmt" count="12"/>
        <line num="50" type="stmt" count="12"/>
        <line num="51" type="method" name="anonymousFunction:51#164" complexity="2" crap="2" count="12"/>
        <line num="52" type="stmt" count="12"/>
        <line num="53" type="stmt" count="12"/>
        <line num="55" type="stmt" count="12"/>
        <line num="57" type="stmt" count="6"/>
        <line num="61" type="stmt" count="12"/>
        <line num="62" type="stmt" count="12"/>
        <line num="63" type="stmt" count="12"/>
        <line num="65" type="stmt" count="12"/>
        <line num="66" type="stmt" count="12"/>
        <line num="68" type="stmt" count="1"/>
        <line num="72" type="stmt" count="11"/>
        <line num="73" type="stmt" count="11"/>
        <line num="74" type="method" name="anonymousFunction:74#302" complexity="1" crap="1" count="11"/>
        <line num="75" type="stmt" count="11"/>
        <line num="76" type="stmt" count="11"/>
        <line num="77" type="stmt" count="11"/>
        <line num="79" type="stmt" count="11"/>
        <line num="81" type="stmt" count="1"/>
        <line num="84" type="stmt" count="10"/>
        <line num="85" type="stmt" count="5"/>
        <line num="86" type="stmt" count="5"/>
        <line num="87" type="method" name="anonymousFunction:87#381" complexity="1" crap="1" count="5"/>
        <line num="88" type="stmt" count="5"/>
        <line num="89" type="stmt" count="5"/>
        <metrics loc="96" ncloc="58" classes="1" methods="4" coveredmethods="4" conditionals="0" coveredconditionals="0" statements="33" coveredstatements="33" elements="37" coveredelements="37"/>
      </file>
    </package>
    <package name="Jollyblume\Bundle\GraphBundle\Transformer">
      <file name="/home/else/work/graph-bundle/src/Transformer/PathSegmentTransformer.php">
        <class name="ParentPathSegmentTransformer" namespace="Jollyblume\Bundle\GraphBundle\Transformer">
          <metrics complexity="3" methods="2" coveredmethods="0" conditionals="0" coveredconditionals="0" statements="10" coveredstatements="0" elements="12" coveredelements="0"/>
        </class>
        <line num="14" type="method" name="wantsPathSegment" visibility="public" complexity="1" crap="2" count="0"/>
        <line num="15" type="stmt" count="0"/>
        <line num="16" type="stmt" count="0"/>
        <line num="17" type="stmt" count="0"/>
        <line num="23" type="method" name="transformPathSegment" visibility="public" complexity="2" crap="6" count="0"/>
        <line num="24" type="stmt" count="0"/>
        <line num="25" type="stmt" count="0"/>
        <line num="27" type="stmt" count="0"/>
        <line num="28" type="stmt" count="0"/>
        <line num="30" type="stmt" count="0"/>
        <line num="31" type="stmt" count="0"/>
        <line num="32" type="stmt" count="0"/>
        <metrics loc="33" ncloc="23" classes="1" methods="2" coveredmethods="0" conditionals="0" coveredconditionals="0" statements="10" coveredstatements="0" elements="12" coveredelements="0"/>
      </file>
    </package>
    <file name="/home/else/work/graph-bundle/src/Transformer/PathSegmentTransformerInterface.php">
      <metrics loc="20" ncloc="12" classes="0" methods="0" coveredmethods="0" conditionals="0" coveredconditionals="0" statements="0" coveredstatements="0" elements="0" coveredelements="0"/>
    </file>
    <file name="/home/else/work/graph-bundle/src/Type/ArcTypeInterface.php">
      <metrics loc="9" ncloc="9" classes="0" methods="0" coveredmethods="0" conditionals="0" coveredconditionals="0" statements="0" coveredstatements="0" elements="0" coveredelements="0"/>
    </file>
    <file name="/home/else/work/graph-bundle/src/Type/ChildTypeInterface.php">
      <metrics loc="22" ncloc="14" classes="0" methods="0" coveredmethods="0" conditionals="0" coveredconditionals="0" statements="0" coveredstatements="0" elements="0" coveredelements="0"/>
    </file>
    <package name="Jollyblume\Bundle\GraphBundle\Type">
      <file name="/home/else/work/graph-bundle/src/Type/ChildTypeTrait.php">
        <class name="ChildTypeTrait" namespace="Jollyblume\Bundle\GraphBundle\Type">
          <metrics complexity="4" methods="2" coveredmethods="0" conditionals="0" coveredconditionals="0" statements="11" coveredstatements="0" elements="13" coveredelements="0"/>
        </class>
        <line num="22" type="method" name="getRawChildNodes" visibility="protected" complexity="2" crap="6" count="0"/>
        <line num="23" type="stmt" count="0"/>
        <line num="24" type="stmt" count="0"/>
        <line num="25" type="stmt" count="0"/>
        <line num="26" type="stmt" count="0"/>
        <line num="27" type="stmt" count="0"/>
        <line num="28" type="stmt" count="0"/>
        <line num="29" type="stmt" count="0"/>
        <line num="30" type="stmt" count="0"/>
        <line num="36" type="method" name="getChildNode" visibility="public" complexity="2" crap="6" count="0"/>
        <line num="37" type="stmt" count="0"/>
        <line num="38" type="stmt" count="0"/>
        <line num="39" type="stmt" count="0"/>
        <metrics loc="40" ncloc="30" classes="1" methods="2" coveredmethods="0" conditionals="0" coveredconditionals="0" statements="11" coveredstatements="0" elements="13" coveredelements="0"/>
      </file>
      <file name="/home/else/work/graph-bundle/src/Type/ParentTypeTrait.php">
        <class name="ParentTypeTrait" namespace="Jollyblume\Bundle\GraphBundle\Type">
          <metrics complexity="0" methods="0" coveredmethods="0" conditionals="0" coveredconditionals="0" statements="0" coveredstatements="0" elements="0" coveredelements="0"/>
        </class>
        <metrics loc="19" ncloc="-5" classes="0" methods="0" coveredmethods="0" conditionals="0" coveredconditionals="0" statements="0" coveredstatements="0" elements="0" coveredelements="0"/>
      </file>
    </package>
    <file name="/home/else/work/graph-bundle/src/Type/LinkTypeInterface.php">
      <metrics loc="22" ncloc="14" classes="0" methods="0" coveredmethods="0" conditionals="0" coveredconditionals="0" statements="0" coveredstatements="0" elements="0" coveredelements="0"/>
    </file>
    <file name="/home/else/work/graph-bundle/src/Type/ParentTypeInterface.php">
      <metrics loc="14" ncloc="11" classes="0" methods="0" coveredmethods="0" conditionals="0" coveredconditionals="0" statements="0" coveredstatements="0" elements="0" coveredelements="0"/>
    </file>
    <file name="/home/else/work/graph-bundle/src/Type/ReturnTypeInterface.php">
      <metrics loc="14" ncloc="10" classes="0" methods="0" coveredmethods="0" conditionals="0" coveredconditionals="0" statements="0" coveredstatements="0" elements="0" coveredelements="0"/>
    </file>
    <file name="/home/else/work/graph-bundle/src/Type/VirtualTypeInterface.php">
      <metrics loc="13" ncloc="9" classes="0" methods="0" coveredmethods="0" conditionals="0" coveredconditionals="0" statements="0" coveredstatements="0" elements="0" coveredelements="0"/>
    </file>
    <file name="/home/else/work/graph-bundle/src/Validation/ErrorsInterface.php">
      <metrics loc="32" ncloc="16" classes="0" methods="0" coveredmethods="0" conditionals="0" coveredconditionals="0" statements="0" coveredstatements="0" elements="0" coveredelements="0"/>
    </file>
    <package name="Jollyblume\Bundle\GraphBundle\Validation">
      <file name="/home/else/work/graph-bundle/src/Validation/ErrorsTrait.php">
        <class name="ErrorsTrait" namespace="Jollyblume\Bundle\GraphBundle\Validation">
          <metrics complexity="9" methods="5" coveredmethods="5" conditionals="0" coveredconditionals="0" statements="19" coveredstatements="19" elements="24" coveredelements="24"/>
        </class>
        <line num="17" type="method" name="isValid" visibility="public" complexity="3" crap="3" count="6"/>
        <line num="19" type="stmt" count="6"/>
        <line num="20" type="stmt" count="6"/>
        <line num="21" type="stmt" count="3"/>
        <line num="24" type="stmt" count="4"/>
        <line num="25" type="stmt" count="3"/>
        <line num="28" type="stmt" count="3"/>
        <line num="34" type="method" name="hasErrors" visibility="public" complexity="1" crap="1" count="16"/>
        <line num="36" type="stmt" count="16"/>
        <line num="37" type="stmt" count="16"/>
        <line num="43" type="method" name="getErrors" visibility="public" complexity="2" crap="2" count="17"/>
        <line num="45" type="stmt" count="17"/>
        <line num="46" type="stmt" count="17"/>
        <line num="47" type="stmt" count="17"/>
        <line num="50" type="stmt" count="17"/>
        <line num="57" type="method" name="addError" visibility="public" complexity="2" crap="2" count="13"/>
        <line num="59" type="stmt" count="13"/>
        <line num="60" type="stmt" count="9"/>
        <line num="61" type="stmt" count="9"/>
        <line num="62" type="stmt" count="9"/>
        <line num="65" type="stmt" count="13"/>
        <line num="71" type="method" name="clearErrors" visibility="public" complexity="1" crap="1" count="1"/>
        <line num="73" type="stmt" count="1"/>
        <line num="75" type="stmt" count="1"/>
        <metrics loc="77" ncloc="58" classes="1" methods="5" coveredmethods="5" conditionals="0" coveredconditionals="0" statements="19" coveredstatements="19" elements="24" coveredelements="24"/>
      </file>
      <file name="/home/else/work/graph-bundle/src/Validation/ValidityChainTrait.php">
        <class name="ValidityChainTrait" namespace="Jollyblume\Bundle\GraphBundle\Validation">
          <metrics complexity="4" methods="1" coveredmethods="1" conditionals="0" coveredconditionals="0" statements="7" coveredstatements="7" elements="8" coveredelements="8"/>
        </class>
        <line num="18" type="method" name="isChainValid" visibility="public" complexity="4" crap="4" count="3"/>
        <line num="20" type="stmt" count="3"/>
        <line num="21" type="stmt" count="3"/>
        <line num="22" type="stmt" count="2"/>
        <line num="24" type="stmt" count="2"/>
        <line num="27" type="stmt" count="2"/>
        <line num="29" type="stmt" count="2"/>
        <line num="34" type="stmt" count="2"/>
        <metrics loc="36" ncloc="22" classes="1" methods="1" coveredmethods="1" conditionals="0" coveredconditionals="0" statements="7" coveredstatements="7" elements="8" coveredelements="8"/>
      </file>
    </package>
    <file name="/home/else/work/graph-bundle/src/Validation/ValidityChainInterface.php">
      <metrics loc="14" ncloc="11" classes="0" methods="0" coveredmethods="0" conditionals="0" coveredconditionals="0" statements="0" coveredstatements="0" elements="0" coveredelements="0"/>
    </file>
    <metrics files="55" loc="2006" ncloc="1234" classes="15" methods="88" coveredmethods="40" conditionals="0" coveredconditionals="0" statements="347" coveredstatements="123" elements="435" coveredelements="163"/>
  </project>
</coverage>
